<?xml version="1.0" encoding="UTF-8"?>
<testsuite xmlns:xsi="http://www.w3.org/2001/XMLSchema-instance" xsi:noNamespaceSchemaLocation="https://maven.apache.org/surefire/maven-surefire-plugin/xsd/surefire-test-report.xsd" name="com.springboot.CartOfferApplicationTests" time="3.269" tests="21" errors="0" skipped="0" failures="0">
  <properties>
[...]
</properties>
  <testcase name="testZeroCartValueWithPercentageOffer" classname="com.springboot.CartOfferApplicationTests" time="0.378"/>
  <testcase name="testNegativeCartValue" classname="com.springboot.CartOfferApplicationTests" time="0.001"/>
  <testcase name="testNonMatchingSegment" classname="com.springboot.CartOfferApplicationTests" time="0.002"/>
  <testcase name="testMultipleOffersWithDifferentSegments" classname="com.springboot.CartOfferApplicationTests" time="0.017"/>
  <testcase name="testNoSegment" classname="com.springboot.CartOfferApplicationTests" time="0.002"/>
  <testcase name="testCustomerNotInSegment" classname="com.springboot.CartOfferApplicationTests" time="0.002"/>
  <testcase name="testEmptyCart" classname="com.springboot.CartOfferApplicationTests" time="0.011"/>
  <testcase name="testFlatXPercentageForP2" classname="com.springboot.CartOfferApplicationTests" time="0.009"/>
  <testcase name="testFlatXPercentageForP3" classname="com.springboot.CartOfferApplicationTests" time="0.009"/>
  <testcase name="testZeroOfferValue" classname="com.springboot.CartOfferApplicationTests" time="0.008"/>
  <testcase name="testFlatXAmountForP2" classname="com.springboot.CartOfferApplicationTests" time="0.009"/>
  <testcase name="testFlatXAmountForP3" classname="com.springboot.CartOfferApplicationTests" time="0.01"/>
  <testcase name="testLargeDiscountValue" classname="com.springboot.CartOfferApplicationTests" time="0.009"/>
  <testcase name="testDiscountMoreThan100" classname="com.springboot.CartOfferApplicationTests" time="0.002"/>
  <testcase name="testFlatXPercentageWithLargeCart" classname="com.springboot.CartOfferApplicationTests" time="0.008"/>
  <testcase name="checkFlatXPercentageForOneSegment" classname="com.springboot.CartOfferApplicationTests" time="0.01"/>
  <testcase name="testInvalidRestaurantId" classname="com.springboot.CartOfferApplicationTests" time="0.002"/>
  <testcase name="checkFlatXForOneSegment" classname="com.springboot.CartOfferApplicationTests" time="0.009"/>
  <testcase name="testMultipleSegments" classname="com.springboot.CartOfferApplicationTests" time="0.008"/>
  <testcase name="testServerDown" classname="com.springboot.CartOfferApplicationTests" time="0.001"/>
  <testcase name="testFlatXAmountWithLargeCart" classname="com.springboot.CartOfferApplicationTests" time="0.008"/>
</testsuite>